
Chromatic CLI v8.0.0
https://www.chromatic.com/docs/cli

Authenticating with Chromatic
    → Connecting to https://index.chromatic.com
Authenticated with Chromatic
    → Using project token '****************10a8'
Retrieving git information
Retrieved git information
    → Commit 'e8ac392' on branch 'main'; no ancestor found
Collecting Storybook metadata
Collected Storybook metadata
    → Storybook 7.5.2 for Vue3; using the @storybook/vue3-vite builder (7.5.2); supported addons found: Links, Essentials, Interactions, A11y
Initializing build
Initialized build
    → Build 1 initialized
Building your Storybook
    → Running command: yarn run build-storybook --output-dir /tmp/chromatic--10221-13Vw72LAZbyE
Storybook built in 23 seconds
    → View build log at /home/alloz/taskbox/build-storybook.log
Publish your built Storybook
    → Validating Storybook files
Publishing your built Storybook
    → Retrieving target location
    → Starting publish
    → [                    ] 0%
    → [=                   ] 5%
    → [=                   ] 6%
    → [==                  ] 8%
    → [==                  ] 9%
    → [==                  ] 12%
    → [===                 ] 16%
    → [===                 ] 17%
    → [====                ] 20%
    → [====                ] 21%
    → [=====               ] 24%
    → [=====               ] 26%
    → [=====               ] 27%
    → [======              ] 28%
    → [======              ] 29%
    → [======              ] 32%
    → [=======             ] 34%
    → [=======             ] 36%
    → [=======             ] 37%
    → [========            ] 38%
    → [========            ] 40%
    → [========            ] 41%
    → [=========           ] 43%
    → [=========           ] 44%
    → [==========          ] 48%
    → [==========          ] 50%
    → [==========          ] 52%
    → [===========         ] 53%
    → [===========         ] 55%
    → [===========         ] 56%
    → [============        ] 61%
    → [============        ] 62%
    → [=============       ] 63%
    → [=============       ] 64%
    → [=============       ] 65%
    → [=============       ] 67%
    → [==============      ] 69%
    → [==============      ] 70%
    → [==============      ] 71%
    → [==============      ] 72%
    → [===============     ] 73%
    → [===============     ] 74%
    → [===============     ] 75%
    → [================    ] 78%
    → [================    ] 79%
    → [================    ] 80%
    → [================    ] 81%
    → [================    ] 82%
    → [=================   ] 83%
    → [=================   ] 85%
    → [=================   ] 86%
    → [=================   ] 87%
    → [==================  ] 88%
    → [==================  ] 90%
    → [==================  ] 92%
    → [=================== ] 95%
    → [=================== ] 96%
    → [=================== ] 97%
    → [====================] 98%
    → [====================] 99%
    → [====================] 100%
Publish complete in 17 seconds
    → View your Storybook at https://654d78230310dba8c0fe6f74-mkhdmdddrx.chromatic.com
Verifying your Storybook
    → This may take a few minutes
Started build 1
    → Continue setup at https://www.chromatic.com/setup?appId=654d78230310dba8c0fe6f74
Running 14 tests
    → This may take a few minutes
ℹ Speed up Continuous Integration
Your project is linked to GitHub so Chromatic will report results there.
This means you can pass the --exit-once-uploaded flag to skip waiting for build results.
Read more here: https://www.chromatic.com/docs/cli#chromatic-options
    → [=                   ] 1/14  PureInboxScreen › Default 
    → [===                 ] 2/14  PureInboxScreen › Error 
    → [======              ] 4/14  PureTaskList › Default 
    → [==========          ] 7/14  PureTaskList › Empty 
    → [==============      ] 10/14  Task › Archived 
    → [=================== ] 13/14  TaskList › Loading 
    → [====================] 14/14  TaskList › Empty 
✔ Build passed. Welcome to Chromatic!
We found 4 components with 14 stories and took 14 snapshots.
ℹ Please continue setup at https://www.chromatic.com/setup?appId=654d78230310dba8c0fe6f74
Build 1 auto-accepted
    → Tested 14 stories across 4 components; captured 14 snapshots in 1 minute 8 seconds


